2025-09-11 14:00:31 [INFO]: Connection attempt 1 of 3 {
  "service": "database-connection"
}
2025-09-11 14:00:31 [INFO]: Connecting to database... {
  "service": "database-connection"
}
2025-09-11 14:00:31 [INFO]: Connected to database {
  "host": "localhost",
  "port": 27017,
  "database": "expense-tracker2",
  "readyState": 1,
  "service": "database-connection"
}
2025-09-11 14:00:31 [INFO]: Successfully connected to database {
  "connectionTimeMs": 54,
  "mongoVersion": "8.13.0",
  "service": "database-connection"
}
2025-09-11 14:00:31 [INFO]: Initializing default data... {
  "service": "database-connection"
}
2025-09-11 14:00:31 [INFO]: Default data initialization complete {
  "service": "database-connection"
}
2025-09-11 15:07:39 [INFO]: Connection attempt 1 of 3 {
  "service": "database-connection"
}
2025-09-11 15:07:39 [INFO]: Connecting to database... {
  "service": "database-connection"
}
2025-09-11 15:07:39 [INFO]: Connected to database {
  "host": "localhost",
  "port": 27017,
  "database": "expense-tracker2",
  "readyState": 1,
  "service": "database-connection"
}
2025-09-11 15:07:39 [INFO]: Successfully connected to database {
  "connectionTimeMs": 50,
  "mongoVersion": "8.13.0",
  "service": "database-connection"
}
2025-09-11 15:07:39 [INFO]: Initializing default data... {
  "service": "database-connection"
}
2025-09-11 15:07:39 [INFO]: Default data initialization complete {
  "service": "database-connection"
}
2025-09-11 15:08:49 [WARN]: Disconnected from database {
  "service": "database-connection"
}
