2025-09-11 14:00:53 [ERROR]: Error encountered {
  "errorName": "Error",
  "errorMessage": "Invalid credentials",
  "path": "/api/v1/auth/login",
  "method": "POST",
  "ip": "::1",
  "stack": "Error: Invalid credentials\n    at file:///Users/masynctech/Desktop/NEW%20PROJECTS/Marcel-Expenses-Project/Marcel-Expense-Project/backend/src/controllers/auth.js:49:11\n    at process.processTicksAndRejections (node:internal/process/task_queues:95:5)",
  "body": "(request body present)",
  "service": "expense-tracker"
}
2025-09-11 14:07:00 [ERROR]: Error encountered {
  "errorName": "Error",
  "errorMessage": "Setting not found with key of accommodationAllowance",
  "path": "/api/v1/settings/key/accommodationAllowance",
  "method": "GET",
  "ip": "::1",
  "stack": "Error: Setting not found with key of accommodationAllowance\n    at file:///Users/masynctech/Desktop/NEW%20PROJECTS/Marcel-Expenses-Project/Marcel-Expense-Project/backend/src/controllers/settings.js:136:7\n    at process.processTicksAndRejections (node:internal/process/task_queues:95:5)",
  "body": "(no request body)",
  "service": "expense-tracker"
}
2025-09-11 14:07:00 [ERROR]: Error encountered {
  "errorName": "Error",
  "errorMessage": "Setting not found with key of costPerKilometer",
  "path": "/api/v1/settings/key/costPerKilometer",
  "method": "GET",
  "ip": "::1",
  "stack": "Error: Setting not found with key of costPerKilometer\n    at file:///Users/masynctech/Desktop/NEW%20PROJECTS/Marcel-Expenses-Project/Marcel-Expense-Project/backend/src/controllers/settings.js:136:7\n    at process.processTicksAndRejections (node:internal/process/task_queues:95:5)",
  "body": "(no request body)",
  "service": "expense-tracker"
}
2025-09-11 14:07:00 [ERROR]: Error encountered {
  "errorName": "Error",
  "errorMessage": "Setting not found with key of cateringAllowance",
  "path": "/api/v1/settings/key/cateringAllowance",
  "method": "GET",
  "ip": "::1",
  "stack": "Error: Setting not found with key of cateringAllowance\n    at file:///Users/masynctech/Desktop/NEW%20PROJECTS/Marcel-Expenses-Project/Marcel-Expense-Project/backend/src/controllers/settings.js:136:7\n    at process.processTicksAndRejections (node:internal/process/task_queues:95:5)",
  "body": "(no request body)",
  "service": "expense-tracker"
}
2025-09-11 14:07:00 [ERROR]: Error encountered {
  "errorName": "Error",
  "errorMessage": "Setting not found with key of costPerKilometer",
  "path": "/api/v1/settings/key/costPerKilometer",
  "method": "GET",
  "ip": "::1",
  "stack": "Error: Setting not found with key of costPerKilometer\n    at file:///Users/masynctech/Desktop/NEW%20PROJECTS/Marcel-Expenses-Project/Marcel-Expense-Project/backend/src/controllers/settings.js:136:7\n    at process.processTicksAndRejections (node:internal/process/task_queues:95:5)",
  "body": "(no request body)",
  "service": "expense-tracker"
}
2025-09-11 14:07:00 [ERROR]: Error encountered {
  "errorName": "Error",
  "errorMessage": "Setting not found with key of accommodationAllowance",
  "path": "/api/v1/settings/key/accommodationAllowance",
  "method": "GET",
  "ip": "::1",
  "stack": "Error: Setting not found with key of accommodationAllowance\n    at file:///Users/masynctech/Desktop/NEW%20PROJECTS/Marcel-Expenses-Project/Marcel-Expense-Project/backend/src/controllers/settings.js:136:7\n    at process.processTicksAndRejections (node:internal/process/task_queues:95:5)",
  "body": "(no request body)",
  "service": "expense-tracker"
}
2025-09-11 14:07:00 [ERROR]: Error encountered {
  "errorName": "Error",
  "errorMessage": "Setting not found with key of cateringAllowance",
  "path": "/api/v1/settings/key/cateringAllowance",
  "method": "GET",
  "ip": "::1",
  "stack": "Error: Setting not found with key of cateringAllowance\n    at file:///Users/masynctech/Desktop/NEW%20PROJECTS/Marcel-Expenses-Project/Marcel-Expense-Project/backend/src/controllers/settings.js:136:7\n    at process.processTicksAndRejections (node:internal/process/task_queues:95:5)",
  "body": "(no request body)",
  "service": "expense-tracker"
}
2025-09-11 14:07:25 [ERROR]: Error encountered {
  "errorName": "Error",
  "errorMessage": "Setting not found with key of costPerKilometer",
  "path": "/api/v1/settings/key/costPerKilometer",
  "method": "GET",
  "ip": "::1",
  "stack": "Error: Setting not found with key of costPerKilometer\n    at file:///Users/masynctech/Desktop/NEW%20PROJECTS/Marcel-Expenses-Project/Marcel-Expense-Project/backend/src/controllers/settings.js:136:7\n    at process.processTicksAndRejections (node:internal/process/task_queues:95:5)",
  "body": "(no request body)",
  "service": "expense-tracker"
}
2025-09-11 14:07:25 [ERROR]: Error encountered {
  "errorName": "Error",
  "errorMessage": "Setting not found with key of cateringAllowance",
  "path": "/api/v1/settings/key/cateringAllowance",
  "method": "GET",
  "ip": "::1",
  "stack": "Error: Setting not found with key of cateringAllowance\n    at file:///Users/masynctech/Desktop/NEW%20PROJECTS/Marcel-Expenses-Project/Marcel-Expense-Project/backend/src/controllers/settings.js:136:7\n    at process.processTicksAndRejections (node:internal/process/task_queues:95:5)",
  "body": "(no request body)",
  "service": "expense-tracker"
}
2025-09-11 14:07:25 [ERROR]: Error encountered {
  "errorName": "Error",
  "errorMessage": "Setting not found with key of accommodationAllowance",
  "path": "/api/v1/settings/key/accommodationAllowance",
  "method": "GET",
  "ip": "::1",
  "stack": "Error: Setting not found with key of accommodationAllowance\n    at file:///Users/masynctech/Desktop/NEW%20PROJECTS/Marcel-Expenses-Project/Marcel-Expense-Project/backend/src/controllers/settings.js:136:7\n    at process.processTicksAndRejections (node:internal/process/task_queues:95:5)",
  "body": "(no request body)",
  "service": "expense-tracker"
}
2025-09-11 14:07:25 [ERROR]: Error encountered {
  "errorName": "Error",
  "errorMessage": "Setting not found with key of costPerKilometer",
  "path": "/api/v1/settings/key/costPerKilometer",
  "method": "GET",
  "ip": "::1",
  "stack": "Error: Setting not found with key of costPerKilometer\n    at file:///Users/masynctech/Desktop/NEW%20PROJECTS/Marcel-Expenses-Project/Marcel-Expense-Project/backend/src/controllers/settings.js:136:7\n    at process.processTicksAndRejections (node:internal/process/task_queues:95:5)",
  "body": "(no request body)",
  "service": "expense-tracker"
}
2025-09-11 14:07:25 [ERROR]: Error encountered {
  "errorName": "Error",
  "errorMessage": "Setting not found with key of cateringAllowance",
  "path": "/api/v1/settings/key/cateringAllowance",
  "method": "GET",
  "ip": "::1",
  "stack": "Error: Setting not found with key of cateringAllowance\n    at file:///Users/masynctech/Desktop/NEW%20PROJECTS/Marcel-Expenses-Project/Marcel-Expense-Project/backend/src/controllers/settings.js:136:7\n    at process.processTicksAndRejections (node:internal/process/task_queues:95:5)",
  "body": "(no request body)",
  "service": "expense-tracker"
}
2025-09-11 14:07:25 [ERROR]: Error encountered {
  "errorName": "Error",
  "errorMessage": "Setting not found with key of accommodationAllowance",
  "path": "/api/v1/settings/key/accommodationAllowance",
  "method": "GET",
  "ip": "::1",
  "stack": "Error: Setting not found with key of accommodationAllowance\n    at file:///Users/masynctech/Desktop/NEW%20PROJECTS/Marcel-Expenses-Project/Marcel-Expense-Project/backend/src/controllers/settings.js:136:7\n    at process.processTicksAndRejections (node:internal/process/task_queues:95:5)",
  "body": "(no request body)",
  "service": "expense-tracker"
}
