2025-09-13 09:04:39 [ERROR]: Connection attempt 1 failed {
  "error": "bad auth : authentication failed",
  "name": "MongoServerError",
  "stack": "MongoServerError: bad auth : authentication failed\n    at Connection.sendCommand (/Users/masynctech/Desktop/NEW PROJECTS/Marcel-Expenses-Project/Marcel-Expense-Project/backend/node_modules/mongodb/lib/cmap/connection.js:299:27)\n    at process.processTicksAndRejections (node:internal/process/task_queues:95:5)\n    at async Connection.command (/Users/masynctech/Desktop/NEW PROJECTS/Marcel-Expenses-Project/Marcel-Expense-Project/backend/node_modules/mongodb/lib/cmap/connection.js:327:26)\n    at async continueScramConversation (/Users/masynctech/Desktop/NEW PROJECTS/Marcel-Expenses-Project/Marcel-Expense-Project/backend/node_modules/mongodb/lib/cmap/auth/scram.js:131:15)\n    at async executeScram (/Users/masynctech/Desktop/NEW PROJECTS/Marcel-Expenses-Project/Marcel-Expense-Project/backend/node_modules/mongodb/lib/cmap/auth/scram.js:80:5)\n    at async ScramSHA1.auth (/Users/masynctech/Desktop/NEW PROJECTS/Marcel-Expenses-Project/Marcel-Expense-Project/backend/node_modules/mongodb/lib/cmap/auth/scram.js:39:16)\n    at async performInitialHandshake (/Users/masynctech/Desktop/NEW PROJECTS/Marcel-Expenses-Project/Marcel-Expense-Project/backend/node_modules/mongodb/lib/cmap/connect.js:104:13)\n    at async connect (/Users/masynctech/Desktop/NEW PROJECTS/Marcel-Expenses-Project/Marcel-Expense-Project/backend/node_modules/mongodb/lib/cmap/connect.js:24:9)",
  "service": "database-connection"
}
2025-09-13 09:04:39 [ERROR]: Connection error {
  "error": "bad auth : authentication failed",
  "name": "MongoServerError",
  "stack": "MongoServerError: bad auth : authentication failed\n    at Connection.sendCommand (/Users/masynctech/Desktop/NEW PROJECTS/Marcel-Expenses-Project/Marcel-Expense-Project/backend/node_modules/mongodb/lib/cmap/connection.js:299:27)\n    at process.processTicksAndRejections (node:internal/process/task_queues:95:5)\n    at async Connection.command (/Users/masynctech/Desktop/NEW PROJECTS/Marcel-Expenses-Project/Marcel-Expense-Project/backend/node_modules/mongodb/lib/cmap/connection.js:327:26)\n    at async continueScramConversation (/Users/masynctech/Desktop/NEW PROJECTS/Marcel-Expenses-Project/Marcel-Expense-Project/backend/node_modules/mongodb/lib/cmap/auth/scram.js:131:15)\n    at async executeScram (/Users/masynctech/Desktop/NEW PROJECTS/Marcel-Expenses-Project/Marcel-Expense-Project/backend/node_modules/mongodb/lib/cmap/auth/scram.js:80:5)\n    at async ScramSHA1.auth (/Users/masynctech/Desktop/NEW PROJECTS/Marcel-Expenses-Project/Marcel-Expense-Project/backend/node_modules/mongodb/lib/cmap/auth/scram.js:39:16)\n    at async performInitialHandshake (/Users/masynctech/Desktop/NEW PROJECTS/Marcel-Expenses-Project/Marcel-Expense-Project/backend/node_modules/mongodb/lib/cmap/connect.js:104:13)\n    at async connect (/Users/masynctech/Desktop/NEW PROJECTS/Marcel-Expenses-Project/Marcel-Expense-Project/backend/node_modules/mongodb/lib/cmap/connect.js:24:9)",
  "service": "database-connection"
}
2025-09-13 09:04:43 [ERROR]: Connection attempt 2 failed {
  "error": "bad auth : authentication failed",
  "name": "MongoServerError",
  "stack": "MongoServerError: bad auth : authentication failed\n    at Connection.sendCommand (/Users/masynctech/Desktop/NEW PROJECTS/Marcel-Expenses-Project/Marcel-Expense-Project/backend/node_modules/mongodb/lib/cmap/connection.js:299:27)\n    at process.processTicksAndRejections (node:internal/process/task_queues:95:5)\n    at async Connection.command (/Users/masynctech/Desktop/NEW PROJECTS/Marcel-Expenses-Project/Marcel-Expense-Project/backend/node_modules/mongodb/lib/cmap/connection.js:327:26)\n    at async continueScramConversation (/Users/masynctech/Desktop/NEW PROJECTS/Marcel-Expenses-Project/Marcel-Expense-Project/backend/node_modules/mongodb/lib/cmap/auth/scram.js:131:15)\n    at async executeScram (/Users/masynctech/Desktop/NEW PROJECTS/Marcel-Expenses-Project/Marcel-Expense-Project/backend/node_modules/mongodb/lib/cmap/auth/scram.js:80:5)\n    at async ScramSHA1.auth (/Users/masynctech/Desktop/NEW PROJECTS/Marcel-Expenses-Project/Marcel-Expense-Project/backend/node_modules/mongodb/lib/cmap/auth/scram.js:39:16)\n    at async performInitialHandshake (/Users/masynctech/Desktop/NEW PROJECTS/Marcel-Expenses-Project/Marcel-Expense-Project/backend/node_modules/mongodb/lib/cmap/connect.js:104:13)\n    at async connect (/Users/masynctech/Desktop/NEW PROJECTS/Marcel-Expenses-Project/Marcel-Expense-Project/backend/node_modules/mongodb/lib/cmap/connect.js:24:9)",
  "service": "database-connection"
}
2025-09-13 09:04:43 [ERROR]: Connection error {
  "error": "bad auth : authentication failed",
  "name": "MongoServerError",
  "stack": "MongoServerError: bad auth : authentication failed\n    at Connection.sendCommand (/Users/masynctech/Desktop/NEW PROJECTS/Marcel-Expenses-Project/Marcel-Expense-Project/backend/node_modules/mongodb/lib/cmap/connection.js:299:27)\n    at process.processTicksAndRejections (node:internal/process/task_queues:95:5)\n    at async Connection.command (/Users/masynctech/Desktop/NEW PROJECTS/Marcel-Expenses-Project/Marcel-Expense-Project/backend/node_modules/mongodb/lib/cmap/connection.js:327:26)\n    at async continueScramConversation (/Users/masynctech/Desktop/NEW PROJECTS/Marcel-Expenses-Project/Marcel-Expense-Project/backend/node_modules/mongodb/lib/cmap/auth/scram.js:131:15)\n    at async executeScram (/Users/masynctech/Desktop/NEW PROJECTS/Marcel-Expenses-Project/Marcel-Expense-Project/backend/node_modules/mongodb/lib/cmap/auth/scram.js:80:5)\n    at async ScramSHA1.auth (/Users/masynctech/Desktop/NEW PROJECTS/Marcel-Expenses-Project/Marcel-Expense-Project/backend/node_modules/mongodb/lib/cmap/auth/scram.js:39:16)\n    at async performInitialHandshake (/Users/masynctech/Desktop/NEW PROJECTS/Marcel-Expenses-Project/Marcel-Expense-Project/backend/node_modules/mongodb/lib/cmap/connect.js:104:13)\n    at async connect (/Users/masynctech/Desktop/NEW PROJECTS/Marcel-Expenses-Project/Marcel-Expense-Project/backend/node_modules/mongodb/lib/cmap/connect.js:24:9)",
  "service": "database-connection"
}
2025-09-13 09:04:48 [ERROR]: Connection attempt 3 failed {
  "error": "bad auth : authentication failed",
  "name": "MongoServerError",
  "stack": "MongoServerError: bad auth : authentication failed\n    at Connection.sendCommand (/Users/masynctech/Desktop/NEW PROJECTS/Marcel-Expenses-Project/Marcel-Expense-Project/backend/node_modules/mongodb/lib/cmap/connection.js:299:27)\n    at process.processTicksAndRejections (node:internal/process/task_queues:95:5)\n    at async Connection.command (/Users/masynctech/Desktop/NEW PROJECTS/Marcel-Expenses-Project/Marcel-Expense-Project/backend/node_modules/mongodb/lib/cmap/connection.js:327:26)\n    at async continueScramConversation (/Users/masynctech/Desktop/NEW PROJECTS/Marcel-Expenses-Project/Marcel-Expense-Project/backend/node_modules/mongodb/lib/cmap/auth/scram.js:131:15)\n    at async executeScram (/Users/masynctech/Desktop/NEW PROJECTS/Marcel-Expenses-Project/Marcel-Expense-Project/backend/node_modules/mongodb/lib/cmap/auth/scram.js:80:5)\n    at async ScramSHA1.auth (/Users/masynctech/Desktop/NEW PROJECTS/Marcel-Expenses-Project/Marcel-Expense-Project/backend/node_modules/mongodb/lib/cmap/auth/scram.js:39:16)\n    at async performInitialHandshake (/Users/masynctech/Desktop/NEW PROJECTS/Marcel-Expenses-Project/Marcel-Expense-Project/backend/node_modules/mongodb/lib/cmap/connect.js:104:13)\n    at async connect (/Users/masynctech/Desktop/NEW PROJECTS/Marcel-Expenses-Project/Marcel-Expense-Project/backend/node_modules/mongodb/lib/cmap/connect.js:24:9)",
  "service": "database-connection"
}
2025-09-13 09:06:13 [ERROR]: Error encountered {
  "errorName": "Error",
  "errorMessage": "User authentication required",
  "path": "/api/v1/analytics/dashboard",
  "method": "GET",
  "ip": "::1",
  "stack": "Error: User authentication required\n    at file:///Users/masynctech/Desktop/NEW%20PROJECTS/Marcel-Expenses-Project/Marcel-Expense-Project/backend/src/controllers/analytics.js:906:17\n    at asyncUtilWrap (/Users/masynctech/Desktop/NEW PROJECTS/Marcel-Expenses-Project/Marcel-Expense-Project/backend/node_modules/express-async-handler/index.js:3:20)\n    at Layer.handle [as handle_request] (/Users/masynctech/Desktop/NEW PROJECTS/Marcel-Expenses-Project/Marcel-Expense-Project/backend/node_modules/express/lib/router/layer.js:95:5)\n    at next (/Users/masynctech/Desktop/NEW PROJECTS/Marcel-Expenses-Project/Marcel-Expense-Project/backend/node_modules/express/lib/router/route.js:149:13)\n    at Route.dispatch (/Users/masynctech/Desktop/NEW PROJECTS/Marcel-Expenses-Project/Marcel-Expense-Project/backend/node_modules/express/lib/router/route.js:119:3)\n    at Layer.handle [as handle_request] (/Users/masynctech/Desktop/NEW PROJECTS/Marcel-Expenses-Project/Marcel-Expense-Project/backend/node_modules/express/lib/router/layer.js:95:5)\n    at /Users/masynctech/Desktop/NEW PROJECTS/Marcel-Expenses-Project/Marcel-Expense-Project/backend/node_modules/express/lib/router/index.js:284:15\n    at Function.process_params (/Users/masynctech/Desktop/NEW PROJECTS/Marcel-Expenses-Project/Marcel-Expense-Project/backend/node_modules/express/lib/router/index.js:346:12)\n    at next (/Users/masynctech/Desktop/NEW PROJECTS/Marcel-Expenses-Project/Marcel-Expense-Project/backend/node_modules/express/lib/router/index.js:280:10)\n    at protect (file:///Users/masynctech/Desktop/NEW%20PROJECTS/Marcel-Expenses-Project/Marcel-Expense-Project/backend/src/middleware/auth.js:32:5)",
  "body": "(no request body)",
  "service": "expense-tracker"
}
2025-09-13 09:06:14 [ERROR]: Error encountered {
  "errorName": "Error",
  "errorMessage": "User authentication required",
  "path": "/api/v1/analytics/dashboard",
  "method": "GET",
  "ip": "::1",
  "stack": "Error: User authentication required\n    at file:///Users/masynctech/Desktop/NEW%20PROJECTS/Marcel-Expenses-Project/Marcel-Expense-Project/backend/src/controllers/analytics.js:906:17\n    at asyncUtilWrap (/Users/masynctech/Desktop/NEW PROJECTS/Marcel-Expenses-Project/Marcel-Expense-Project/backend/node_modules/express-async-handler/index.js:3:20)\n    at Layer.handle [as handle_request] (/Users/masynctech/Desktop/NEW PROJECTS/Marcel-Expenses-Project/Marcel-Expense-Project/backend/node_modules/express/lib/router/layer.js:95:5)\n    at next (/Users/masynctech/Desktop/NEW PROJECTS/Marcel-Expenses-Project/Marcel-Expense-Project/backend/node_modules/express/lib/router/route.js:149:13)\n    at Route.dispatch (/Users/masynctech/Desktop/NEW PROJECTS/Marcel-Expenses-Project/Marcel-Expense-Project/backend/node_modules/express/lib/router/route.js:119:3)\n    at Layer.handle [as handle_request] (/Users/masynctech/Desktop/NEW PROJECTS/Marcel-Expenses-Project/Marcel-Expense-Project/backend/node_modules/express/lib/router/layer.js:95:5)\n    at /Users/masynctech/Desktop/NEW PROJECTS/Marcel-Expenses-Project/Marcel-Expense-Project/backend/node_modules/express/lib/router/index.js:284:15\n    at Function.process_params (/Users/masynctech/Desktop/NEW PROJECTS/Marcel-Expenses-Project/Marcel-Expense-Project/backend/node_modules/express/lib/router/index.js:346:12)\n    at next (/Users/masynctech/Desktop/NEW PROJECTS/Marcel-Expenses-Project/Marcel-Expense-Project/backend/node_modules/express/lib/router/index.js:280:10)\n    at protect (file:///Users/masynctech/Desktop/NEW%20PROJECTS/Marcel-Expenses-Project/Marcel-Expense-Project/backend/src/middleware/auth.js:32:5)",
  "body": "(no request body)",
  "service": "expense-tracker"
}
